Log file open, 08/30/18 20:28:23
LogWindows: Failed to load 'aqProf.dll' (GetLastError=126)
LogWindows: File 'aqProf.dll' does not exist
LogWindows: Failed to load 'VtuneApi.dll' (GetLastError=126)
LogWindows: File 'VtuneApi.dll' does not exist
LogWindows: Failed to load 'VtuneApi32e.dll' (GetLastError=126)
LogWindows: File 'VtuneApi32e.dll' does not exist
LogInit: Display: Running engine for game: FloorsofPain
LogPlatformFile: Not using cached read wrapper
LogInit: Display: RandInit(-591497626) SRandInit(-591497626).
LogInit: Read version file with build ID '3944462'
LogInit: Overriding engine version to CL 4033788, compatible CL 3944462
LogInit: Registered custom module enumerator with build ID '3944462'
LogTaskGraph: Started task graph with 5 named threads and 23 total threads with 3 sets of task threads.
LogStats: Stats thread started at 0.275291
LogD3D11RHI: Aftermath initialized
LogICUInternationalization: Display: ICU TimeZone Detection - Raw Offset: -5:00, Platform Override: ''
LogModuleManager: Display: Found up-to-date module file ../../../Engine/Plugins/2D/Paper2D/Binaries/Win64/UE4Editor-Paper2D.dll (API version 3944462).
LogModuleManager: Display: Found up-to-date module file ../../../Engine/Plugins/2D/Paper2D/Binaries/Win64/UE4Editor-Paper2DEditor.dll (API version 3944462).
LogModuleManager: Display: Found up-to-date module file ../../../Engine/Plugins/2D/Paper2D/Binaries/Win64/UE4Editor-PaperSpriteSheetImporter.dll (API version 3944462).
LogModuleManager: Display: Found up-to-date module file ../../../Engine/Plugins/2D/Paper2D/Binaries/Win64/UE4Editor-PaperTiledImporter.dll (API version 3944462).
LogModuleManager: Display: Found up-to-date module file ../../../Engine/Plugins/2D/Paper2D/Binaries/Win64/UE4Editor-SmartSnapping.dll (API version 3944462).
LogModuleManager: Display: Found up-to-date module file ../../../Engine/Plugins/Blendables/LightPropagationVolume/Binaries/Win64/UE4Editor-LightPropagationVolumeRuntime.dll (API version 3944462).
LogModuleManager: Display: Found up-to-date module file ../../../Engine/Plugins/Blendables/LightPropagationVolume/Binaries/Win64/UE4Editor-LightPropagationVolumeEditor.dll (API version 3944462).
LogModuleManager: Display: Found up-to-date module file ../../../Engine/Plugins/Developer/CLionSourceCodeAccess/Binaries/Win64/UE4Editor-CLionSourceCodeAccess.dll (API version 3944462).
LogModuleManager: Display: Found up-to-date module file ../../../Engine/Plugins/Developer/GitSourceControl/Binaries/Win64/UE4Editor-GitSourceControl.dll (API version 3944462).
LogModuleManager: Display: Found up-to-date module file ../../../Engine/Plugins/Developer/PerforceSourceControl/Binaries/Win64/UE4Editor-PerforceSourceControl.dll (API version 3944462).
LogModuleManager: Display: Found up-to-date module file ../../../Engine/Plugins/Developer/SubversionSourceControl/Binaries/Win64/UE4Editor-SubversionSourceControl.dll (API version 3944462).
LogModuleManager: Display: Found up-to-date module file ../../../Engine/Plugins/Developer/UObjectPlugin/Binaries/Win64/UE4Editor-UObjectPlugin.dll (API version 3944462).
LogModuleManager: Display: Found up-to-date module file ../../../Engine/Plugins/Developer/VisualStudioCodeSourceCodeAccess/Binaries/Win64/UE4Editor-VisualStudioCodeSourceCodeAccess.dll (API version 3944462).
LogModuleManager: Display: Found up-to-date module file ../../../Engine/Plugins/Developer/VisualStudioSourceCodeAccess/Binaries/Win64/UE4Editor-VisualStudioSourceCodeAccess.dll (API version 3944462).
LogModuleManager: Display: Found up-to-date module file ../../../Engine/Plugins/Editor/AssetManagerEditor/Binaries/Win64/UE4Editor-AssetManagerEditor.dll (API version 3944462).
LogModuleManager: Display: Found up-to-date module file ../../../Engine/Plugins/Editor/CryptoKeys/Binaries/Win64/UE4Editor-CryptoKeys.dll (API version 3944462).
LogModuleManager: Display: Found up-to-date module file ../../../Engine/Plugins/Editor/CryptoKeys/Binaries/Win64/UE4Editor-CryptoKeysOpenSSL.dll (API version 3944462).
LogModuleManager: Display: Found up-to-date module file ../../../Engine/Plugins/Editor/DataValidation/Binaries/Win64/UE4Editor-DataValidation.dll (API version 3944462).
LogModuleManager: Display: Found up-to-date module file ../../../Engine/Plugins/Editor/FacialAnimation/Binaries/Win64/UE4Editor-FacialAnimation.dll (API version 3944462).
LogModuleManager: Display: Found up-to-date module file ../../../Engine/Plugins/Editor/FacialAnimation/Binaries/Win64/UE4Editor-FacialAnimationEditor.dll (API version 3944462).
LogModuleManager: Display: Found up-to-date module file ../../../Engine/Plugins/Editor/GameplayTagsEditor/Binaries/Win64/UE4Editor-GameplayTagsEditor.dll (API version 3944462).
LogModuleManager: Display: Found up-to-date module file ../../../Engine/Plugins/Editor/MobileLauncherProfileWizard/Binaries/Win64/UE4Editor-MobileLauncherProfileWizard.dll (API version 3944462).
LogModuleManager: Display: Found up-to-date module file ../../../Engine/Plugins/Editor/PluginBrowser/Binaries/Win64/UE4Editor-PluginBrowser.dll (API version 3944462).
LogModuleManager: Display: Found up-to-date module file ../../../Engine/Plugins/Editor/SpeedTreeImporter/Binaries/Win64/UE4Editor-SpeedTreeImporter.dll (API version 3944462).
LogModuleManager: Display: Found up-to-date module file ../../../Engine/Plugins/Enterprise/DatasmithContent/Binaries/Win64/UE4Editor-DatasmithContent.dll (API version 3944462).
LogModuleManager: Display: Found up-to-date module file ../../../Engine/Plugins/Experimental/AlembicImporter/Binaries/Win64/UE4Editor-AlembicImporter.dll (API version 3944462).
LogModuleManager: Display: Found up-to-date module file ../../../Engine/Plugins/Experimental/AlembicImporter/Binaries/Win64/UE4Editor-AlembicLibrary.dll (API version 3944462).
LogModuleManager: Display: Found up-to-date module file ../../../Engine/Plugins/Experimental/CharacterAI/Binaries/Win64/UE4Editor-CharacterAI.dll (API version 3944462).
LogModuleManager: Display: Found up-to-date module file ../../../Engine/Plugins/Experimental/HTML5Networking/Binaries/Win64/UE4Editor-HTML5Networking.dll (API version 3944462).
LogModuleManager: Display: Found up-to-date module file ../../../Engine/Plugins/Media/AndroidMedia/Binaries/Win64/UE4Editor-AndroidMediaEditor.dll (API version 3944462).
LogModuleManager: Display: Found up-to-date module file ../../../Engine/Plugins/Media/AndroidMedia/Binaries/Win64/UE4Editor-AndroidMediaFactory.dll (API version 3944462).
LogModuleManager: Display: Found up-to-date module file ../../../Engine/Plugins/Media/AvfMedia/Binaries/Win64/UE4Editor-AvfMediaEditor.dll (API version 3944462).
LogModuleManager: Display: Found up-to-date module file ../../../Engine/Plugins/Media/AvfMedia/Binaries/Win64/UE4Editor-AvfMediaFactory.dll (API version 3944462).
LogModuleManager: Display: Found up-to-date module file ../../../Engine/Plugins/Media/AvfMedia/Binaries/Win64/UE4Editor-AvfMediaFactory.dll (API version 3944462).
LogModuleManager: Display: Found up-to-date module file ../../../Engine/Plugins/Media/ImgMedia/Binaries/Win64/UE4Editor-ImgMedia.dll (API version 3944462).
LogModuleManager: Display: Found up-to-date module file ../../../Engine/Plugins/Media/ImgMedia/Binaries/Win64/UE4Editor-ImgMediaEditor.dll (API version 3944462).
LogModuleManager: Display: Found up-to-date module file ../../../Engine/Plugins/Media/ImgMedia/Binaries/Win64/UE4Editor-ImgMediaFactory.dll (API version 3944462).
LogModuleManager: Display: Found up-to-date module file ../../../Engine/Plugins/Media/ImgMedia/Binaries/Win64/UE4Editor-ImgMediaFactory.dll (API version 3944462).
LogModuleManager: Display: Found up-to-date module file ../../../Engine/Plugins/Media/ImgMedia/Binaries/Win64/UE4Editor-OpenExrWrapper.dll (API version 3944462).
LogModuleManager: Display: Found up-to-date module file ../../../Engine/Plugins/Media/LinearTimecode/Binaries/Win64/UE4Editor-LinearTimecode.dll (API version 3944462).
LogModuleManager: Display: Found up-to-date module file ../../../Engine/Plugins/Media/MediaCompositing/Binaries/Win64/UE4Editor-MediaCompositing.dll (API version 3944462).
LogModuleManager: Display: Found up-to-date module file ../../../Engine/Plugins/Media/MediaCompositing/Binaries/Win64/UE4Editor-MediaCompositingEditor.dll (API version 3944462).
LogModuleManager: Display: Found up-to-date module file ../../../Engine/Plugins/Media/MediaPlayerEditor/Binaries/Win64/UE4Editor-MediaPlayerEditor.dll (API version 3944462).
LogModuleManager: Display: Found up-to-date module file ../../../Engine/Plugins/Media/WmfMedia/Binaries/Win64/UE4Editor-WmfMedia.dll (API version 3944462).
LogModuleManager: Display: Found up-to-date module file ../../../Engine/Plugins/Media/WmfMedia/Binaries/Win64/UE4Editor-WmfMediaEditor.dll (API version 3944462).
LogModuleManager: Display: Found up-to-date module file ../../../Engine/Plugins/Media/WmfMedia/Binaries/Win64/UE4Editor-WmfMediaFactory.dll (API version 3944462).
LogModuleManager: Display: Found up-to-date module file ../../../Engine/Plugins/Media/WmfMedia/Binaries/Win64/UE4Editor-WmfMediaFactory.dll (API version 3944462).
LogModuleManager: Display: Found up-to-date module file ../../../Engine/Plugins/Messaging/TcpMessaging/Binaries/Win64/UE4Editor-TcpMessaging.dll (API version 3944462).
LogModuleManager: Display: Found up-to-date module file ../../../Engine/Plugins/Messaging/UdpMessaging/Binaries/Win64/UE4Editor-UdpMessaging.dll (API version 3944462).
LogModuleManager: Display: Found up-to-date module file ../../../Engine/Plugins/MovieScene/ActorSequence/Binaries/Win64/UE4Editor-ActorSequence.dll (API version 3944462).
LogModuleManager: Display: Found up-to-date module file ../../../Engine/Plugins/MovieScene/LevelSequenceEditor/Binaries/Win64/UE4Editor-LevelSequenceEditor.dll (API version 3944462).
LogModuleManager: Display: Found up-to-date module file ../../../Engine/Plugins/MovieScene/MatineeToLevelSequence/Binaries/Win64/UE4Editor-MatineeToLevelSequence.dll (API version 3944462).
LogModuleManager: Display: Found up-to-date module file ../../../Engine/Plugins/NetcodeUnitTest/NetcodeUnitTest/Binaries/Win64/UE4Editor-NetcodeUnitTest.dll (API version 3944462).
LogModuleManager: Display: Found up-to-date module file ../../../Engine/Plugins/NetcodeUnitTest/NUTUnrealEngine4/Binaries/Win64/UE4Editor-NUTUnrealEngine4.dll (API version 3944462).
LogModuleManager: Display: Found up-to-date module file ../../../Engine/Plugins/Online/OnlineSubsystem/Binaries/Win64/UE4Editor-OnlineSubsystem.dll (API version 3944462).
LogModuleManager: Display: Found up-to-date module file ../../../Engine/Plugins/Runtime/AndroidPermission/Binaries/Win64/UE4Editor-AndroidPermission.dll (API version 3944462).
LogModuleManager: Display: Found up-to-date module file ../../../Engine/Plugins/Online/OnlineSubsystemNull/Binaries/Win64/UE4Editor-OnlineSubsystemNull.dll (API version 3944462).
LogModuleManager: Display: Found up-to-date module file ../../../Engine/Plugins/Online/OnlineSubsystemUtils/Binaries/Win64/UE4Editor-OnlineSubsystemUtils.dll (API version 3944462).
LogModuleManager: Display: Found up-to-date module file ../../../Engine/Plugins/Online/OnlineSubsystemUtils/Binaries/Win64/UE4Editor-OnlineBlueprintSupport.dll (API version 3944462).
LogModuleManager: Display: Found up-to-date module file ../../../Engine/Plugins/Runtime/AndroidDeviceProfileSelector/Binaries/Win64/UE4Editor-AndroidDeviceProfileSelector.dll (API version 3944462).
LogModuleManager: Display: Found up-to-date module file ../../../Engine/Plugins/Runtime/AppleARKit/Binaries/Win64/UE4Editor-AppleARKit.dll (API version 3944462).
LogModuleManager: Display: Found up-to-date module file ../../../Engine/Plugins/Runtime/ProceduralMeshComponent/Binaries/Win64/UE4Editor-ProceduralMeshComponent.dll (API version 3944462).
LogModuleManager: Display: Found up-to-date module file ../../../Engine/Plugins/Runtime/ProceduralMeshComponent/Binaries/Win64/UE4Editor-ProceduralMeshComponentEditor.dll (API version 3944462).
LogModuleManager: Display: Found up-to-date module file ../../../Engine/Plugins/Animation/LiveLink/Binaries/Win64/UE4Editor-LiveLink.dll (API version 3944462).
LogModuleManager: Display: Found up-to-date module file ../../../Engine/Plugins/Animation/LiveLink/Binaries/Win64/UE4Editor-LiveLinkEditor.dll (API version 3944462).
LogModuleManager: Display: Found up-to-date module file ../../../Engine/Plugins/Runtime/ArchVisCharacter/Binaries/Win64/UE4Editor-ArchVisCharacter.dll (API version 3944462).
LogModuleManager: Display: Found up-to-date module file ../../../Engine/Plugins/Runtime/AudioCapture/Binaries/Win64/UE4Editor-AudioCapture.dll (API version 3944462).
LogModuleManager: Display: Found up-to-date module file ../../../Engine/Plugins/Runtime/AudioCapture/Binaries/Win64/UE4Editor-AudioCaptureEditor.dll (API version 3944462).
LogModuleManager: Display: Found up-to-date module file ../../../Engine/Plugins/Runtime/CableComponent/Binaries/Win64/UE4Editor-CableComponent.dll (API version 3944462).
LogModuleManager: Display: Found up-to-date module file ../../../Engine/Plugins/Runtime/CustomMeshComponent/Binaries/Win64/UE4Editor-CustomMeshComponent.dll (API version 3944462).
LogModuleManager: Display: Found up-to-date module file ../../../Engine/Plugins/Runtime/ExampleDeviceProfileSelector/Binaries/Win64/UE4Editor-ExampleDeviceProfileSelector.dll (API version 3944462).
LogModuleManager: Display: Found up-to-date module file ../../../Engine/Plugins/Runtime/ImmediatePhysics/Binaries/Win64/UE4Editor-ImmediatePhysics.dll (API version 3944462).
LogModuleManager: Display: Found up-to-date module file ../../../Engine/Plugins/Runtime/ImmediatePhysics/Binaries/Win64/UE4Editor-ImmediatePhysicsEditor.dll (API version 3944462).
LogModuleManager: Display: Found up-to-date module file ../../../Engine/Plugins/Runtime/LocationServicesBPLibrary/Binaries/Win64/UE4Editor-LocationServicesBPLibrary.dll (API version 3944462).
LogModuleManager: Display: Found up-to-date module file ../../../Engine/Plugins/Runtime/MobilePatchingUtils/Binaries/Win64/UE4Editor-MobilePatchingUtils.dll (API version 3944462).
LogModuleManager: Display: Found up-to-date module file ../../../Engine/Plugins/Runtime/Oculus/OculusVR/Binaries/Win64/UE4Editor-OculusHMD.dll (API version 3944462).
LogModuleManager: Display: Found up-to-date module file ../../../Engine/Plugins/Runtime/Oculus/OculusVR/Binaries/Win64/UE4Editor-OculusInput.dll (API version 3944462).
LogModuleManager: Display: Found up-to-date module file ../../../Engine/Plugins/Runtime/Oculus/OculusVR/Binaries/Win64/UE4Editor-OculusEditor.dll (API version 3944462).
LogModuleManager: Display: Found up-to-date module file ../../../Engine/Plugins/Runtime/PhysXVehicles/Binaries/Win64/UE4Editor-PhysXVehicles.dll (API version 3944462).
LogModuleManager: Display: Found up-to-date module file ../../../Engine/Plugins/Runtime/PhysXVehicles/Binaries/Win64/UE4Editor-PhysXVehiclesEditor.dll (API version 3944462).
LogModuleManager: Display: Found up-to-date module file ../../../Engine/Plugins/Runtime/RuntimePhysXCooking/Binaries/Win64/UE4Editor-RuntimePhysXCooking.dll (API version 3944462).
LogModuleManager: Display: Found up-to-date module file ../../../Engine/Plugins/Runtime/Steam/SteamVR/Binaries/Win64/UE4Editor-SteamVR.dll (API version 3944462).
LogModuleManager: Display: Found up-to-date module file ../../../Engine/Plugins/Runtime/Steam/SteamVR/Binaries/Win64/UE4Editor-SteamVRController.dll (API version 3944462).
LogModuleManager: Display: Found up-to-date module file ../../../Engine/Plugins/Runtime/WindowsMoviePlayer/Binaries/Win64/UE4Editor-WindowsMoviePlayer.dll (API version 3944462).
LogPluginManager: Mounting plugin Paper2D
LogPluginManager: Mounting plugin LiveLink
LogPluginManager: Mounting plugin LightPropagationVolume
LogPluginManager: Mounting plugin CLionSourceCodeAccess
LogPluginManager: Mounting plugin CodeLiteSourceCodeAccess
LogPluginManager: Mounting plugin GitSourceControl
LogPluginManager: Mounting plugin KDevelopSourceCodeAccess
LogPluginManager: Mounting plugin NullSourceCodeAccess
LogPluginManager: Mounting plugin PerforceSourceControl
LogPluginManager: Mounting plugin SubversionSourceControl
LogPluginManager: Mounting plugin UObjectPlugin
LogPluginManager: Mounting plugin VisualStudioCodeSourceCodeAccess
LogPluginManager: Mounting plugin VisualStudioSourceCodeAccess
LogPluginManager: Mounting plugin XCodeSourceCodeAccess
LogPluginManager: Mounting plugin AssetManagerEditor
LogPluginManager: Mounting plugin CryptoKeys
LogPluginManager: Mounting plugin DataValidation
LogPluginManager: Mounting plugin FacialAnimation
LogPluginManager: Mounting plugin GameplayTagsEditor
LogPluginManager: Mounting plugin MobileLauncherProfileWizard
LogPluginManager: Mounting plugin PluginBrowser
LogPluginManager: Mounting plugin SpeedTreeImporter
LogPluginManager: Mounting plugin DatasmithContent
LogPluginManager: Mounting plugin AlembicImporter
LogPluginManager: Mounting plugin CharacterAI
LogPluginManager: Mounting plugin HTML5Networking
LogPluginManager: Mounting plugin AndroidMedia
LogPluginManager: Mounting plugin AvfMedia
LogPluginManager: Mounting plugin ImgMedia
LogPluginManager: Mounting plugin LinearTimecode
LogPluginManager: Mounting plugin MediaCompositing
LogPluginManager: Mounting plugin MediaPlayerEditor
LogPluginManager: Mounting plugin WmfMedia
LogPluginManager: Mounting plugin TcpMessaging
LogPluginManager: Mounting plugin UdpMessaging
LogPluginManager: Mounting plugin ActorSequence
LogPluginManager: Mounting plugin LevelSequenceEditor
LogPluginManager: Mounting plugin MatineeToLevelSequence
LogPluginManager: Mounting plugin NetcodeUnitTest
LogPluginManager: Mounting plugin NUTUnrealEngine4
LogPluginManager: Mounting plugin OnlineSubsystemGooglePlay
LogPluginManager: Mounting plugin OnlineSubsystemIOS
LogPluginManager: Mounting plugin OnlineSubsystem
LogPluginManager: Mounting plugin OnlineSubsystemNull
LogPluginManager: Mounting plugin OnlineSubsystemUtils
LogPluginManager: Mounting plugin AndroidDeviceProfileSelector
LogPluginManager: Mounting plugin AndroidMoviePlayer
LogPluginManager: Mounting plugin AndroidPermission
LogPluginManager: Mounting plugin AppleARKit
LogPluginManager: Mounting plugin AppleMoviePlayer
LogPluginManager: Mounting plugin ArchVisCharacter
LogPluginManager: Mounting plugin AudioCapture
LogPluginManager: Mounting plugin CableComponent
LogPluginManager: Mounting plugin CustomMeshComponent
LogPluginManager: Mounting plugin ExampleDeviceProfileSelector
LogPluginManager: Mounting plugin GoogleCloudMessaging
LogPluginManager: Mounting plugin ImmediatePhysics
LogPluginManager: Mounting plugin IOSDeviceProfileSelector
LogPluginManager: Mounting plugin LinuxDeviceProfileSelector
LogPluginManager: Mounting plugin LocationServicesBPLibrary
LogPluginManager: Mounting plugin MobilePatchingUtils
LogPluginManager: Mounting plugin OculusVR
LogPluginManager: Plugin shader directory ../../../Engine/Plugins/Runtime/Oculus/OculusVR/Shaders found
LogPluginManager: Mapping shader source directory ../../../Engine/Plugins/Runtime/Oculus/OculusVR/Shaders to virtual directory /Plugin/OculusVR
LogPluginManager: Mounting plugin PhysXVehicles
LogPluginManager: Mounting plugin ProceduralMeshComponent
LogPluginManager: Mounting plugin RuntimePhysXCooking
LogPluginManager: Mounting plugin SteamVR
LogPluginManager: Mounting plugin WindowsMoviePlayer
LogStreaming: Display: Took  1.176s to configure plugins.
LogInit: Using libcurl 7.47.1
LogInit:  - built for x86_64-pc-win32
LogInit:  - supports SSL with OpenSSL/1.0.2g
LogInit:  - supports HTTP deflate (compression) using libz 1.2.8
LogInit:  - other features:
LogInit:      CURL_VERSION_SSL
LogInit:      CURL_VERSION_LIBZ
LogInit:      CURL_VERSION_IPV6
LogInit:      CURL_VERSION_ASYNCHDNS
LogInit:      CURL_VERSION_LARGEFILE
LogInit:      CURL_VERSION_IDN
LogInit:  CurlRequestOptions (configurable via config and command line):
LogInit:  - bVerifyPeer = false  - Libcurl will NOT verify peer certificate
LogInit:  - bUseHttpProxy = false  - Libcurl will NOT use HTTP proxy
LogInit:  - bDontReuseConnections = false  - Libcurl will reuse connections
LogInit:  - CertBundlePath = nullptr  - Libcurl will use whatever was configured at build time.
LogInit:  - MaxHostConnections = 16  - Libcurl will limit the number of connections to a host
LogInit:  - LocalHostAddr = Default
LogInit: WinSock: version 1.1 (2.2), MaxSocks=32767, MaxUdp=65467
LogInit: WinSock: I am DESKTOP-EKVR1F9 (10.6.201.71:0)
LogInit: Build: ++UE4+Release-4.19-CL-4033788
LogInit: Engine Version: 4.19.2-4033788+++UE4+Release-4.19
LogInit: Compatible Engine Version: 4.19.0-3944462+++UE4+Release-4.19
LogInit: Net CL: 3944462
LogDevObjectVersion: Number of dev versions registered: 18
LogDevObjectVersion:   Dev-Blueprints (B0D832E4-1F89-4F0D-ACCF-7EB736FD4AA2): 10
LogDevObjectVersion:   Dev-Build (E1C64328-A22C-4D53-A36C-8E866417BD8C): 0
LogDevObjectVersion:   Dev-Core (375EC13C-06E4-48FB-B500-84F0262A717E): 2
LogDevObjectVersion:   Dev-Editor (E4B068ED-F494-42E9-A231-DA0B2E46BB41): 23
LogDevObjectVersion:   Dev-Framework (CFFC743F-43B0-4480-9391-14DF171D2073): 33
LogDevObjectVersion:   Dev-Mobile (B02B49B5-BB20-44E9-A304-32B752E40360): 2
LogDevObjectVersion:   Dev-Networking (A4E4105C-59A1-49B5-A7C5-40C4547EDFEE): 0
LogDevObjectVersion:   Dev-Online (39C831C9-5AE6-47DC-9A44-9C173E1C8E7C): 0
LogDevObjectVersion:   Dev-Physics (78F01B33-EBEA-4F98-B9B4-84EACCB95AA2): 0
LogDevObjectVersion:   Dev-Platform (6631380F-2D4D-43E0-8009-CF276956A95A): 0
LogDevObjectVersion:   Dev-Rendering (12F88B9F-8875-4AFC-A67C-D90C383ABD29): 25
LogDevObjectVersion:   Dev-Sequencer (7B5AE74C-D270-4C10-A958-57980B212A5A): 6
LogDevObjectVersion:   Dev-VR (D7296918-1DD6-4BDD-9DE2-64A83CC13884): 1
LogDevObjectVersion:   Dev-LoadTimes (C2A15278-BFE7-4AFE-6C17-90FF531DF755): 1
LogDevObjectVersion:   Private-Geometry (6EACA3D4-40EC-4CC1-B786-8BED09428FC5): 2
LogDevObjectVersion:   Dev-AnimPhys (29E575DD-E0A3-4627-9D10-D276232CDCEA): 16
LogDevObjectVersion:   Dev-ReflectionCapture (6B266CEC-1EC7-4B8F-A30B-E4D90942FC07): 1
LogDevObjectVersion:   Dev-Automation (0DF73D61-A23F-47EA-B727-89E90C41499A): 1
LogInit: Compiled (64-bit): Apr 27 2018 02:06:57
LogInit: Compiled with Visual C++: 19.00.24215.01
LogInit: Build Configuration: Development
LogInit: Branch Name: ++UE4+Release-4.19
LogInit: Command Line: 
LogInit: Base Directory: D:/UE_4.19/Engine/Binaries/Win64/
LogInit: Installed Engine Build: 1
LogStreaming: Display: Took  0.001s to delete old logs.
LogInit: Presizing for max 8388607 objects, including 0 objects not considered by GC, pre-allocating 0 bytes for permanent pool.
LogInit: Object subsystem initialized
[2018.08.31-00.28.25:454][  0]LogInit: Selected Device Profile: [Windows]
[2018.08.31-00.28.25:454][  0]LogInit: Applying CVar settings loaded from the selected device profile: [Windows]
[2018.08.31-00.28.25:468][  0]LogInit: Computer: DESKTOP-EKVR1F9
[2018.08.31-00.28.25:468][  0]LogInit: User: DylanBruton
[2018.08.31-00.28.25:469][  0]LogInit: CPU Page size=4096, Cores=4
[2018.08.31-00.28.25:469][  0]LogInit: High frequency timer resolution =2.742189 MHz
[2018.08.31-00.28.25:469][  0]LogMemory: Memory total: Physical=15.9GB (16GB approx)
[2018.08.31-00.28.25:469][  0]LogMemory: Platform Memory Stats for Windows
[2018.08.31-00.28.25:469][  0]LogMemory: Process Physical Memory: 275.35 MB used, 275.35 MB peak
[2018.08.31-00.28.25:469][  0]LogMemory: Process Virtual Memory: 272.83 MB used, 272.83 MB peak
[2018.08.31-00.28.25:469][  0]LogMemory: Physical Memory: 8857.23 MB used,  7399.80 MB free, 16257.03 MB total
[2018.08.31-00.28.25:469][  0]LogMemory: Virtual Memory: 4803.36 MB used,  7399.80 MB free, 134217728.00 MB total
[2018.08.31-00.28.25:783][  0]LogInit: Using OS detected language (en-US).
[2018.08.31-00.28.25:783][  0]LogInit: Using OS detected locale (en-US).
[2018.08.31-00.28.25:789][  0]LogTextLocalizationManager: No specific localization for 'en-US' exists, so the 'en' localization will be used.
[2018.08.31-00.28.26:239][  0]LogStreaming: Display: Took  0.456s to EndInitTextLocalization.
[2018.08.31-00.28.26:239][  0]LogInit: Setting process to per monitor DPI aware
[2018.08.31-00.28.26:274][  0]LogSlate: New Slate User Created.  User Index 0, Is Virtual User: 0
[2018.08.31-00.28.26:274][  0]LogSlate: Slate User Registered.  User Index 0, Is Virtual User: 0
[2018.08.31-00.28.26:607][  0]LogD3D11RHI: D3D11 adapters:
[2018.08.31-00.28.26:657][  0]LogD3D11RHI:    0. 'NVIDIA GeForce GTX 1070' (Feature Level 11_0)
[2018.08.31-00.28.26:657][  0]LogD3D11RHI:       8089/0/8128 MB DedicatedVideo/DedicatedSystem/SharedSystem, Outputs:1, VendorId:0x10de
[2018.08.31-00.28.27:176][  0]LogD3D11RHI:    1. 'Intel(R) HD Graphics 630' (Feature Level 11_0)
[2018.08.31-00.28.27:176][  0]LogD3D11RHI:       128/0/8128 MB DedicatedVideo/DedicatedSystem/SharedSystem, Outputs:0, VendorId:0x8086
[2018.08.31-00.28.27:178][  0]LogD3D11RHI:    2. 'Microsoft Basic Render Driver' (Feature Level 11_0)
[2018.08.31-00.28.27:178][  0]LogD3D11RHI:       0/0/8128 MB DedicatedVideo/DedicatedSystem/SharedSystem, Outputs:0, VendorId:0x1414
[2018.08.31-00.28.27:178][  0]LogD3D11RHI: Chosen D3D11 Adapter: 0
[2018.08.31-00.28.27:188][  0]LogD3D11RHI: Creating new Direct3DDevice
[2018.08.31-00.28.27:188][  0]LogD3D11RHI:     GPU DeviceId: 0x1be1 (for the marketing name, search the web for "GPU Device Id")
[2018.08.31-00.28.27:188][  0]LogWindows: EnumDisplayDevices:
[2018.08.31-00.28.27:188][  0]LogWindows:    0. 'NVIDIA GeForce GTX 1070' (P:1 D:1)
[2018.08.31-00.28.27:188][  0]LogWindows:    1. 'NVIDIA GeForce GTX 1070' (P:0 D:0)
[2018.08.31-00.28.27:189][  0]LogWindows:    2. 'NVIDIA GeForce GTX 1070' (P:0 D:0)
[2018.08.31-00.28.27:189][  0]LogWindows:    3. 'NVIDIA GeForce GTX 1070' (P:0 D:0)
[2018.08.31-00.28.27:189][  0]LogWindows:    4. 'Intel(R) HD Graphics 630' (P:0 D:0)
[2018.08.31-00.28.27:189][  0]LogWindows:    5. 'Intel(R) HD Graphics 630' (P:0 D:0)
[2018.08.31-00.28.27:190][  0]LogWindows:    6. 'Intel(R) HD Graphics 630' (P:0 D:0)
[2018.08.31-00.28.27:190][  0]LogWindows: DebugString: GetVideoDriverDetailsInvalid PrimaryIsNotTheChoosenAdapter GetVideoDriverDetailsInvalid PrimaryIsNotTheChoosenAdapter GetVideoDriverDetailsInvalid PrimaryIsNotTheChoosenAdapter GetVideoDriverDetailsInvalid PrimaryIsNotTheChoosenAdapter GetVideoDriverDetailsInvalid PrimaryIsNotTheChoosenAdapter GetVideoDriverDetailsInvalid PrimaryIsNotTheChoosenAdapter GetVideoDriverDetailsInvalid PrimaryIsNotTheChoosenAdapter FoundDriverCount:0 
[2018.08.31-00.28.27:190][  0]LogD3D11RHI:     Adapter Name: NVIDIA GeForce GTX 1070
[2018.08.31-00.28.27:190][  0]LogD3D11RHI:   Driver Version: Unknown (internal:Unknown, unified:Unknown)
[2018.08.31-00.28.27:190][  0]LogD3D11RHI:      Driver Date: Unknown
[2018.08.31-00.28.27:190][  0]LogRHI: Texture pool is 5662 MB (70% of 8089 MB)
[2018.08.31-00.28.27:225][  0]LogD3D11RHI: [Aftermath] Aftermath enabled and primed
[2018.08.31-00.28.27:225][  0]LogD3D11RHI: [Aftermath] Aftermath enabled and primed
[2018.08.31-00.28.27:225][  0]LogD3D11RHI: Async texture creation enabled
[2018.08.31-00.28.27:302][  0]LogD3D11RHI: GPU Timing Frequency: 1000.000000 (Debug: 2 1)
[2018.08.31-00.28.27:349][  0]LogShaderCompilers: Guid format shader working directory is 12 characters bigger than the processId version (../../../../GameDev/_Projects/TowerOfPain/Intermediate/Shaders/WorkingDirectory/7724/).
[2018.08.31-00.28.27:349][  0]LogShaderCompilers: Cleaned the shader compiler working directory 'C:/Users/Dylan Bruton/AppData/Local/Temp/UnrealShaderWorkingDir/E8F4ED624158CDBE6A0F7F93EE219749/'.
[2018.08.31-00.28.27:592][  0]LogTemp: Display: Loaded TP AllDesktopTargetPlatform
[2018.08.31-00.28.27:609][  0]LogTemp: Display: Loaded TP MacClientTargetPlatform
[2018.08.31-00.28.27:622][  0]LogTemp: Display: Loaded TP MacNoEditorTargetPlatform
[2018.08.31-00.28.27:637][  0]LogTemp: Display: Loaded TP MacServerTargetPlatform
[2018.08.31-00.28.27:653][  0]LogTemp: Display: Loaded TP MacTargetPlatform
[2018.08.31-00.28.27:670][  0]LogTemp: Display: Loaded TP WindowsClientTargetPlatform
[2018.08.31-00.28.27:683][  0]LogTemp: Display: Loaded TP WindowsNoEditorTargetPlatform
[2018.08.31-00.28.27:700][  0]LogTemp: Display: Loaded TP WindowsServerTargetPlatform
[2018.08.31-00.28.27:706][  0]LogTemp: Display: Loaded TP WindowsTargetPlatform
[2018.08.31-00.28.27:720][  0]LogTemp: Display: Loaded TP Android_ASTCTargetPlatform
[2018.08.31-00.28.27:733][  0]LogTemp: Display: Loaded TP Android_ATCTargetPlatform
[2018.08.31-00.28.27:746][  0]LogTemp: Display: Loaded TP Android_DXTTargetPlatform
[2018.08.31-00.28.27:766][  0]LogTemp: Display: Loaded TP Android_ETC1aTargetPlatform
[2018.08.31-00.28.27:780][  0]LogTemp: Display: Loaded TP Android_ETC1TargetPlatform
[2018.08.31-00.28.27:798][  0]LogTemp: Display: Loaded TP Android_ETC2TargetPlatform
[2018.08.31-00.28.27:830][  0]LogTemp: Display: Loaded TP Android_MultiTargetPlatform
[2018.08.31-00.28.27:830][  0]LogTemp: Display: Loaded TP Android_PVRTCTargetPlatform
[2018.08.31-00.28.27:846][  0]LogTemp: Display: Loaded TP AndroidTargetPlatform
[2018.08.31-00.28.27:848][  0]LogTemp: Display: Loaded TP HTML5TargetPlatform
[2018.08.31-00.28.27:884][  0]LogTemp: Display: Loaded TP IOSTargetPlatform
[2018.08.31-00.28.27:899][  0]LogTemp: Display: Loaded TP TVOSTargetPlatform
[2018.08.31-00.28.27:913][  0]LogTemp: Display: Loaded TP LinuxClientTargetPlatform
[2018.08.31-00.28.27:928][  0]LogTemp: Display: Loaded TP LinuxNoEditorTargetPlatform
[2018.08.31-00.28.27:940][  0]LogTemp: Display: Loaded TP LinuxServerTargetPlatform
[2018.08.31-00.28.27:954][  0]LogTemp: Display: Loaded TP LinuxTargetPlatform
[2018.08.31-00.28.27:954][  0]LogTargetPlatformManager: Display: Building Assets For Windows
[2018.08.31-00.28.28:078][  0]LogXGEController: Cannot use XGE Controller as Incredibuild is not installed on this machine.
[2018.08.31-00.28.28:078][  0]LogShaderCompilers: Cannot use XGE Shader Compiler as Incredibuild is not installed on this machine.
[2018.08.31-00.28.28:078][  0]LogShaderCompilers: Display: Using Local Shader Compiler.
[2018.08.31-00.28.28:776][  0]LogDerivedDataCache: Display: Max Cache Size: 512 MB
[2018.08.31-00.28.28:854][  0]LogDerivedDataCache: Loaded boot cache 0.08s 74MB C:/Users/Dylan Bruton/AppData/Local/UnrealEngine/4.19/DerivedDataCache/Boot.ddc.
[2018.08.31-00.28.28:854][  0]LogDerivedDataCache: Display: Loaded Boot cache: C:/Users/Dylan Bruton/AppData/Local/UnrealEngine/4.19/DerivedDataCache/Boot.ddc
[2018.08.31-00.28.28:854][  0]LogDerivedDataCache: FDerivedDataBackendGraph:  Pak pak cache file ../../../../GameDev/_Projects/TowerOfPain/DerivedDataCache/DDC.ddp not found, will not use a pak cache.
[2018.08.31-00.28.28:854][  0]LogDerivedDataCache: Unable to find inner node Pak for hierarchical cache Hierarchy.
[2018.08.31-00.28.28:854][  0]LogDerivedDataCache: FDerivedDataBackendGraph:  CompressedPak pak cache file ../../../../GameDev/_Projects/TowerOfPain/DerivedDataCache/Compressed.ddp not found, will not use a pak cache.
[2018.08.31-00.28.28:854][  0]LogDerivedDataCache: Unable to find inner node CompressedPak for hierarchical cache Hierarchy.
[2018.08.31-00.28.28:873][  0]LogDerivedDataCache: Display: Pak cache opened for reading ../../../Engine/DerivedDataCache/Compressed.ddp.
[2018.08.31-00.28.28:885][  0]LogDerivedDataCache: Using Local data cache path C:/Users/Dylan Bruton/AppData/Local/UnrealEngine/Common/DerivedDataCache: Writable
[2018.08.31-00.28.28:885][  0]LogDerivedDataCache: Shared data cache path not found in *engine.ini, will not use an Shared cache.
[2018.08.31-00.28.28:885][  0]LogDerivedDataCache: Unable to find inner node Shared for hierarchical cache Hierarchy.
[2018.08.31-00.28.28:897][  0]LogMaterial: Verifying Global Shaders for PCD3D_SM5
[2018.08.31-00.28.28:898][  0]LogSlate: Using Freetype 2.6.0
[2018.08.31-00.28.28:899][  0]LogSlate: SlateFontCache - WITH_FREETYPE: 1, WITH_HARFBUZZ: 1
[2018.08.31-00.28.28:899][  0]LogSlate: SlateFontCache - WITH_FREETYPE: 1, WITH_HARFBUZZ: 1
[2018.08.31-00.28.29:042][  0]LogAssetRegistry: FAssetRegistry took 0.0264 seconds to start up
[2018.08.31-00.28.29:367][  0]LogInit: Selected Device Profile: [Windows]
[2018.08.31-00.28.29:534][  0]LogSimplygon: Simplygon DLL not present - disabling.
[2018.08.31-00.28.29:538][  0]LogMeshReduction: Using SimplygonSwarm for distributed automatic mesh merging
[2018.08.31-00.28.29:538][  0]LogMeshReduction: Using QuadricMeshReduction for automatic static mesh reduction
[2018.08.31-00.28.29:538][  0]LogMeshReduction: No automatic skeletal mesh reduction module available
[2018.08.31-00.28.29:538][  0]LogMeshReduction: No automatic mesh merging module available
[2018.08.31-00.28.29:538][  0]LogMeshMerging: No automatic mesh merging module available
[2018.08.31-00.28.29:583][  0]LogNetVersion: FloorsofPain , NetCL: 3944462, EngineNetVer: 2, GameNetVer: 0 (Checksum: 1369734142)
[2018.08.31-00.28.30:098][  0]LogPackageLocalizationCache: Processed 9 localized package path(s) for 2 prioritized culture(s) in 0.086671 seconds
[2018.08.31-00.28.30:104][  0]LogUObjectArray: 36728 objects as part of root set at end of initial load.
[2018.08.31-00.28.30:104][  0]LogUObjectAllocator: 7314304 out of 0 bytes used by permanent object pool.
[2018.08.31-00.28.30:104][  0]LogUObjectArray: CloseDisregardForGC: 0/0 objects in disregard for GC pool
[2018.08.31-00.28.31:925][  0]LogTcpMessaging: Initializing TcpMessaging bridge
[2018.08.31-00.28.31:959][  0]LogUdpMessaging: Initializing bridge on interface 0.0.0.0:0 to multicast group 230.0.0.1:6666.
[2018.08.31-00.28.32:360][  0]SourceControl: Source control is disabled
[2018.08.31-00.28.32:360][  0]SourceControl: Source control is disabled
[2018.08.31-00.28.32:381][  0]SourceControl: Source control is disabled
[2018.08.31-00.28.32:401][  0]SourceControl: Source control is disabled
[2018.08.31-00.28.32:952][  0]LogAndroidPermission: UAndroidPermissionCallbackProxy::GetInstance
[2018.08.31-00.28.33:204][  0]LogOcInput: OculusInput pre-init called
[2018.08.31-00.28.33:324][  0]LogEngine: Initializing Engine...
[2018.08.31-00.28.33:325][  0]LogHMD: Failed to initialize OpenVR with code 110
[2018.08.31-00.28.33:326][  0]LogStats: UGameplayTagsManager::ConstructGameplayTagTree: Construct from data asset -  0.000 s
[2018.08.31-00.28.33:327][  0]LogStats: UGameplayTagsManager::ConstructGameplayTagTree: GameplayTagTreeChangedEvent.Broadcast -  0.000 s
[2018.08.31-00.28.33:558][  0]LogAIModule: Creating AISystem for world Untitled
[2018.08.31-00.28.33:645][  0]LogInit: XAudio2 using 'Speakers / Headphones (Realtek Audio)' : 6 channels at 48 kHz using 32 bits per sample (channel mask 0x3f)
[2018.08.31-00.28.33:713][  0]LogInit: FAudioDevice initialized.
[2018.08.31-00.28.33:802][  0]LogDerivedDataCache: Saved boot cache 0.09s 74MB C:/Users/Dylan Bruton/AppData/Local/UnrealEngine/4.19/DerivedDataCache/Boot.ddc.
[2018.08.31-00.28.33:825][  0]LogInit: Texture streaming: Enabled
[2018.08.31-00.28.33:839][  0]LogEngineSessionManager: EngineSessionManager initialized
[2018.08.31-00.28.33:855][  0]LogInit: Transaction tracking system initialized
[2018.08.31-00.28.33:873][  0]BlueprintLog: New page: Editor Load
[2018.08.31-00.28.33:933][  0]LocalizationService: Localization service is disabled
[2018.08.31-00.28.34:044][  0]LogConsoleResponse: Display: 
[2018.08.31-00.28.34:216][  0]LogCook: Display: Max memory allowance for cook 16384mb min free memory 0mb
[2018.08.31-00.28.34:216][  0]LogCook: Display: Mobile HDR setting 1
[2018.08.31-00.28.34:216][  0]LogGameplayTags: Display: UGameplayTagsManager::DoneAddingNativeTags. DelegateIsBound: 0
[2018.08.31-00.28.34:216][  0]LogStats: UGameplayTagsManager::ConstructGameplayTagTree: Construct from data asset -  0.000 s
[2018.08.31-00.28.34:216][  0]LogStats: UGameplayTagsManager::ConstructGameplayTagTree: GameplayTagTreeChangedEvent.Broadcast -  0.000 s
[2018.08.31-00.28.34:272][  0]LogFileCache: Scanning file cache for directory 'D:/GameDev/_Projects/TowerOfPain/Content/' took 0.02s
[2018.08.31-00.28.34:632][  0]SourceControl: Source control is disabled
[2018.08.31-00.28.34:632][  0]Cmd: MAP LOAD FILE="../../../../GameDev/_Projects/TowerOfPain/Content/FirstPersonBP/Maps/FirstPersonExampleMap.umap" TEMPLATE=0 SHOWPROGRESS=1 FEATURELEVEL=3
[2018.08.31-00.28.34:632][  0]LogEditorServer: Warning: Can't find file '../../../../GameDev/_Projects/TowerOfPain/Content/FirstPersonBP/Maps/FirstPersonExampleMap.umap'
[2018.08.31-00.28.34:632][  0]Cmd: MAP CHECKDEP NOCLEARLOG
[2018.08.31-00.28.34:688][  0]MapCheck: Map check complete: 0 Error(s), 0 Warning(s), took 56.036ms to complete.
[2018.08.31-00.28.34:688][  0]LogFileHelpers: Loading map 'FirstPersonExampleMap' took 0.056
[2018.08.31-00.28.34:834][  0]LogCollectionManager: Loaded 0 collections in 0.001083 seconds
[2018.08.31-00.28.34:880][  0]LogFileCache: Scanning file cache for directory 'D:/GameDev/_Projects/TowerOfPain/Saved/Collections/' took 0.01s
[2018.08.31-00.28.34:880][  0]LogFileCache: Scanning file cache for directory 'D:/GameDev/_Projects/TowerOfPain/Content/Developers/DylanBruton/Collections/' took 0.01s
[2018.08.31-00.28.34:880][  0]LogFileCache: Scanning file cache for directory 'D:/GameDev/_Projects/TowerOfPain/Content/Collections/' took 0.01s
[2018.08.31-00.28.34:880][  0]LogCollectionManager: Rebuilt the GUID cache for 0 collections in 0.000001 seconds
[2018.08.31-00.28.34:891][  0]LogContentBrowser: Native class hierarchy populated in 0.0104 seconds. Added 2452 classes and 558 folders.
[2018.08.31-00.28.34:898][  0]LogContentBrowser: Native class hierarchy updated for 'WidgetCarousel' in 0.0002 seconds. Added 0 classes and 0 folders.
[2018.08.31-00.28.34:967][  0]LogContentBrowser: Native class hierarchy updated for 'AddContentDialog' in 0.0004 seconds. Added 0 classes and 0 folders.
[2018.08.31-00.28.34:972][  0]LogContentBrowser: Native class hierarchy updated for 'SceneOutliner' in 0.0003 seconds. Added 1 classes and 2 folders.
[2018.08.31-00.28.35:035][  0]LogSlate: Took 0.000254 seconds to synchronously load lazily loaded font '../../../Engine/Content/Slate/Fonts/Roboto-Regular.ttf' (155K)
[2018.08.31-00.28.35:037][  0]LogSlate: Took 0.000328 seconds to synchronously load lazily loaded font '../../../Engine/Content/Slate/Fonts/Roboto-Bold.ttf' (160K)
[2018.08.31-00.28.35:045][  0]LogSlate: Took 0.000260 seconds to synchronously load lazily loaded font '../../../Engine/Content/Editor/Slate/Fonts/FontAwesome.ttf' (139K)
[2018.08.31-00.28.35:145][  0]LogRenderer: Reallocating scene render targets to support 1072x364 Format 10 NumSamples 1 (Frame:1).
[2018.08.31-00.28.35:258][  0]LogContentBrowser: Native class hierarchy updated for 'HierarchicalLODOutliner' in 0.0004 seconds. Added 0 classes and 0 folders.
[2018.08.31-00.28.35:258][  0]LogLoad: (Engine Initialization) Total time: 12.56 seconds
[2018.08.31-00.28.35:258][  0]LogLoad: (Engine Initialization) Total Blueprint compile time: 0.00 seconds
[2018.08.31-00.28.35:276][  0]LogWindowsTextInputMethodSystem: Display: IME system now deactivated.
[2018.08.31-00.28.35:295][  0]LogContentStreaming: Texture pool size now 1000 MB
[2018.08.31-00.28.35:368][  1]LogAssetRegistry: Asset discovery search completed in 6.3485 seconds
[2018.08.31-00.28.35:371][  1]LogCollectionManager: Rebuilt the object cache for 0 collections in 0.000000 seconds (found 0 objects)
[2018.08.31-00.28.35:371][  1]LogCollectionManager: Fixed up redirectors for 0 collections in 0.000110 seconds (updated 0 objects)
[2018.08.31-00.28.36:301][ 56]LogSlate: Took 0.000237 seconds to synchronously load lazily loaded font '../../../Engine/Content/Slate/Fonts/Roboto-Light.ttf' (167K)
[2018.08.31-00.28.46:289][560]LogSlate: FSceneViewport::OnFocusLost() reason 0
[2018.08.31-00.31.42:263][615]LogUObjectGlobals: Created PersistentFrame Addr=0x000002a3e36c9d50, Size=40, Default__Parasyte_Anim_BP_C Function /Game/Models/Parasyte/Parasyte_Anim_Bp.Parasyte_Anim_BP_C:ExecuteUbergraph_Parasyte_Anim_BP
[2018.08.31-00.31.42:281][615]LogUObjectGlobals: Created PersistentFrame Addr=0x000002a3da3b38f8, Size=8, Default__Para_BP_C Function /Game/Models/Parasyte/Para_BP.Para_BP_C:ExecuteUbergraph_Para_BP
[2018.08.31-00.31.42:305][615]LogUObjectGlobals: Created PersistentFrame Addr=0x000002a3cf6bb9c0, Size=72, Default__EnemyAI_C Function /Game/Blueprints/EnemyAI.EnemyAI_C:ExecuteUbergraph_EnemyAI
[2018.08.31-00.31.42:308][615]LogUObjectGlobals: Created PersistentFrame Addr=0x000002a3cf715600, Size=720, Default__AggroCheck_C Function /Game/Blueprints/AggroCheck.AggroCheck_C:ExecuteUbergraph_AggroCheck
[2018.08.31-00.31.42:321][615]LogUObjectGlobals: Created PersistentFrame Addr=0x000002a3cf6da7c0, Size=16, Default__FirstAggroSetter_C Function /Game/Blueprints/FirstAggroSetter.FirstAggroSetter_C:ExecuteUbergraph_FirstAggroSetter
[2018.08.31-00.31.42:327][615]LogUObjectGlobals: Created PersistentFrame Addr=0x000002a3cf66d080, Size=152, Default__RapidMoveTo_C Function /Game/Blueprints/RapidMoveTo.RapidMoveTo_C:ExecuteUbergraph_RapidMoveTo
[2018.08.31-00.31.42:331][615]LogUObjectGlobals: Created PersistentFrame Addr=0x000002a3e3b19520, Size=56, Default__ResetAggro_C Function /Game/Blueprints/ResetAggro.ResetAggro_C:ExecuteUbergraph_ResetAggro
[2018.08.31-00.31.42:334][615]LogUObjectGlobals: Created PersistentFrame Addr=0x000002a3e3b19558, Size=56, Default__SetAggro_C Function /Game/Blueprints/SetAggro.SetAggro_C:ExecuteUbergraph_SetAggro
[2018.08.31-00.31.42:345][615]LogUObjectGlobals: Created PersistentFrame Addr=0x000002a3da3b2f78, Size=8, Default__Para_BP_C Function /Game/Models/Parasyte/Para_BP.Para_BP_C:ExecuteUbergraph_Para_BP
[2018.08.31-00.31.42:365][615]LogUObjectGlobals: Destroyed PersistentFrame Addr=0x000002a3e36c9d50, Size=40
[2018.08.31-00.31.42:365][615]LogUObjectGlobals: Created PersistentFrame Addr=0x000002a3ceb25f08, Size=40, Default__Parasyte_Anim_BP_C Function /Engine/Transient.REINST_Parasyte_Anim_BP_C_0:ExecuteUbergraph_Parasyte_Anim_BP
[2018.08.31-00.31.42:366][615]LogUObjectGlobals: Destroyed PersistentFrame Addr=0x000002a3cf6bb9c0, Size=72
[2018.08.31-00.31.42:366][615]LogUObjectGlobals: Created PersistentFrame Addr=0x000002a3cf3243b0, Size=72, Default__EnemyAI_C Function /Engine/Transient.REINST_EnemyAI_C_3:ExecuteUbergraph_EnemyAI
[2018.08.31-00.31.42:366][615]LogUObjectGlobals: Destroyed PersistentFrame Addr=0x000002a3cf6da7c0, Size=16
[2018.08.31-00.31.42:366][615]LogUObjectGlobals: Created PersistentFrame Addr=0x000002a3cef03240, Size=16, Default__FirstAggroSetter_C Function /Engine/Transient.REINST_FirstAggroSetter_C_4:ExecuteUbergraph_FirstAggroSetter
[2018.08.31-00.31.42:366][615]LogUObjectGlobals: Destroyed PersistentFrame Addr=0x000002a3cf66d080, Size=152
[2018.08.31-00.31.42:366][615]LogUObjectGlobals: Created PersistentFrame Addr=0x000002a3cee93d80, Size=152, Default__RapidMoveTo_C Function /Engine/Transient.REINST_RapidMoveTo_C_5:ExecuteUbergraph_RapidMoveTo
[2018.08.31-00.31.42:366][615]LogUObjectGlobals: Destroyed PersistentFrame Addr=0x000002a3e3b19520, Size=56
[2018.08.31-00.31.42:366][615]LogUObjectGlobals: Created PersistentFrame Addr=0x000002a3ceed7580, Size=56, Default__ResetAggro_C Function /Engine/Transient.REINST_ResetAggro_C_6:ExecuteUbergraph_ResetAggro
[2018.08.31-00.31.42:366][615]LogUObjectGlobals: Destroyed PersistentFrame Addr=0x000002a3e3b19558, Size=56
[2018.08.31-00.31.42:367][615]LogUObjectGlobals: Created PersistentFrame Addr=0x000002a3ceed74d8, Size=56, Default__SetAggro_C Function /Engine/Transient.REINST_SetAggro_C_7:ExecuteUbergraph_SetAggro
[2018.08.31-00.31.42:367][615]LogUObjectGlobals: Destroyed PersistentFrame Addr=0x000002a3cf715600, Size=720
[2018.08.31-00.31.42:367][615]LogUObjectGlobals: Created PersistentFrame Addr=0x000002a3cef1d600, Size=720, Default__AggroCheck_C Function /Engine/Transient.REINST_AggroCheck_C_8:ExecuteUbergraph_AggroCheck
[2018.08.31-00.31.42:367][615]LogUObjectGlobals: Destroyed PersistentFrame Addr=0x000002a3da3b2f78, Size=8
[2018.08.31-00.31.42:367][615]LogUObjectGlobals: Created PersistentFrame Addr=0x000002a3da3b2f78, Size=8, Default__Para_BP_C Function /Engine/Transient.REINST_Para_BP_C_10:ExecuteUbergraph_Para_BP
[2018.08.31-00.31.42:383][615]LogUObjectGlobals: Created PersistentFrame Addr=0x000002a3ceb255f8, Size=40, Default__Parasyte_Anim_BP_C Function /Game/Models/Parasyte/Parasyte_Anim_Bp.Parasyte_Anim_BP_C:ExecuteUbergraph_Parasyte_Anim_BP
[2018.08.31-00.31.42:384][615]LogUObjectGlobals: Created PersistentFrame Addr=0x000002a3ced72ed0, Size=72, Default__EnemyAI_C Function /Game/Blueprints/EnemyAI.EnemyAI_C:ExecuteUbergraph_EnemyAI
[2018.08.31-00.31.42:385][615]LogUObjectGlobals: Created PersistentFrame Addr=0x000002a3cedbb0c0, Size=16, Default__FirstAggroSetter_C Function /Game/Blueprints/FirstAggroSetter.FirstAggroSetter_C:ExecuteUbergraph_FirstAggroSetter
[2018.08.31-00.31.42:386][615]LogUObjectGlobals: Created PersistentFrame Addr=0x000002a3ced7d440, Size=152, Default__RapidMoveTo_C Function /Game/Blueprints/RapidMoveTo.RapidMoveTo_C:ExecuteUbergraph_RapidMoveTo
[2018.08.31-00.31.42:387][615]LogUObjectGlobals: Created PersistentFrame Addr=0x000002a3ceed4c98, Size=56, Default__ResetAggro_C Function /Game/Blueprints/ResetAggro.ResetAggro_C:ExecuteUbergraph_ResetAggro
[2018.08.31-00.31.42:387][615]LogUObjectGlobals: Created PersistentFrame Addr=0x000002a3ceed4aa0, Size=56, Default__SetAggro_C Function /Game/Blueprints/SetAggro.SetAggro_C:ExecuteUbergraph_SetAggro
[2018.08.31-00.31.42:389][615]LogUObjectGlobals: Created PersistentFrame Addr=0x000002a3ced3dc00, Size=720, Default__AggroCheck_C Function /Game/Blueprints/AggroCheck.AggroCheck_C:ExecuteUbergraph_AggroCheck
[2018.08.31-00.31.42:390][615]LogUObjectGlobals: Created PersistentFrame Addr=0x000002a3da3b20e8, Size=8, Default__Para_BP_C Function /Game/Models/Parasyte/Para_BP.Para_BP_C:ExecuteUbergraph_Para_BP
[2018.08.31-00.31.42:403][615]LogUObjectGlobals: Created PersistentFrame Addr=0x000002a3ced56920, Size=32, Default__ZombieAnimBP_C Function /Game/Models/Zombie/ZombieAnimBP.ZombieAnimBP_C:ExecuteUbergraph_ZombieAnimBP
[2018.08.31-00.31.42:406][615]LogUObjectGlobals: Destroyed PersistentFrame Addr=0x000002a3ced56920, Size=32
[2018.08.31-00.31.42:406][615]LogUObjectGlobals: Created PersistentFrame Addr=0x000002a3ced56920, Size=32, Default__ZombieAnimBP_C Function /Engine/Transient.REINST_ZombieAnimBP_C_1:ExecuteUbergraph_ZombieAnimBP
[2018.08.31-00.31.42:408][615]LogUObjectGlobals: Created PersistentFrame Addr=0x000002a3ced559e0, Size=32, Default__ZombieAnimBP_C Function /Game/Models/Zombie/ZombieAnimBP.ZombieAnimBP_C:ExecuteUbergraph_ZombieAnimBP
[2018.08.31-00.31.42:433][615]LogSkeletalMesh: Skeletal Mesh found in DDC [1.426233ms] /Game/Models/Parasyte/parasite_l_starkie.parasite_l_starkie
[2018.08.31-00.31.42:630][615]LogSkeletalMesh: Skeletal Mesh found in DDC [1.422221ms] /Game/Models/Zombie/zombie.zombie
[2018.08.31-00.31.42:641][615]LogContentBrowser: Native class hierarchy updated for 'SkeletonEditor' in 0.0002 seconds. Added 1 classes and 2 folders.
[2018.08.31-00.31.42:886][615]LogActorComponent: RegisterComponentWithWorld: (/Engine/Transient.World_1:PersistentLevel.Actor_0.DebugSkelMeshComponent_0) Already registered. Aborting.
[2018.08.31-00.31.42:889][615]LogContentBrowser: Native class hierarchy updated for 'PinnedCommandList' in 0.0003 seconds. Added 1 classes and 0 folders.
[2018.08.31-00.31.43:174][615]LogContentBrowser: Native class hierarchy updated for 'BlueprintGraph' in 0.0005 seconds. Added 116 classes and 0 folders.
[2018.08.31-00.31.43:490][615]LogUObjectGlobals: Created PersistentFrame Addr=0x000002a3e3856008, Size=4, Default__SKEL_PROTO_BP_AnimBlueprint_0_C Function /Engine/Transient.SKEL_PROTO_BP_AnimBlueprint_0_C:ExecuteUbergraph_PROTO_BP_AnimBlueprint_0
[2018.08.31-00.31.43:490][615]LogUObjectGlobals: Created PersistentFrame Addr=0x000002a3e3856000, Size=4, Default__PROTO_BP_AnimBlueprint_0_C Function /Engine/Transient.PROTO_BP_AnimBlueprint_0_C:ExecuteUbergraph_PROTO_BP_AnimBlueprint_0
[2018.08.31-00.31.43:902][615]LogSkeletalMesh: USkeletalMeshComponent::InitArticulated : Bodies already created (/Engine/Transient.World_1:PersistentLevel.Actor_0.DebugSkelMeshComponent_0) - call TermArticulated first.
[2018.08.31-00.31.44:232][615]LogSlate: Took 0.000258 seconds to synchronously load lazily loaded font '../../../Engine/Content/Slate/Fonts/Roboto-BoldCondensed.ttf' (158K)
[2018.08.31-00.31.44:302][615]LogContentBrowser: Native class hierarchy updated for 'ClothingSystemEditorInterface' in 0.0003 seconds. Added 1 classes and 0 folders.
[2018.08.31-00.31.44:381][616]LogSlate: Took 0.000262 seconds to synchronously load lazily loaded font '../../../Engine/Content/Slate/Fonts/Roboto-Italic.ttf' (157K)
[2018.08.31-00.31.52:386][ 89]LogUObjectGlobals: Created PersistentFrame Addr=0x000002a412b638f8, Size=4, Default__SKEL_ZombieAnimBP_C Function /Game/Models/Zombie/ZombieAnimBP.SKEL_ZombieAnimBP_C:ExecuteUbergraph_ZombieAnimBP
[2018.08.31-00.31.54:723][227]LogUObjectGlobals: Destroyed PersistentFrame Addr=0x000002a412b638f8, Size=4
[2018.08.31-00.31.54:723][227]LogUObjectGlobals: Created PersistentFrame Addr=0x000002a412b638f8, Size=4, Default__SKEL_ZombieAnimBP_C Function /Engine/Transient.REINST_SKEL_ZombieAnimBP_C_3:ExecuteUbergraph_ZombieAnimBP
[2018.08.31-00.31.54:725][227]LogUObjectGlobals: Created PersistentFrame Addr=0x000002a412b61470, Size=4, Default__SKEL_ZombieAnimBP_C Function /Game/Models/Zombie/ZombieAnimBP.SKEL_ZombieAnimBP_C:ExecuteUbergraph_ZombieAnimBP
[2018.08.31-00.31.59:983][540]LogUObjectGlobals: Destroyed PersistentFrame Addr=0x000002a412b61470, Size=4
[2018.08.31-00.31.59:983][540]LogUObjectGlobals: Created PersistentFrame Addr=0x000002a412b61470, Size=4, Default__SKEL_ZombieAnimBP_C Function /Engine/Transient.REINST_SKEL_ZombieAnimBP_C_4:ExecuteUbergraph_ZombieAnimBP
[2018.08.31-00.31.59:985][540]LogUObjectGlobals: Created PersistentFrame Addr=0x000002a412b62c80, Size=4, Default__SKEL_ZombieAnimBP_C Function /Game/Models/Zombie/ZombieAnimBP.SKEL_ZombieAnimBP_C:ExecuteUbergraph_ZombieAnimBP
[2018.08.31-00.32.01:355][618]LogSlate: Took 0.000268 seconds to synchronously load lazily loaded font '../../../Engine/Content/Slate/Fonts/Roboto-BoldCondensedItalic.ttf' (160K)
[2018.08.31-00.32.02:366][679]LogUObjectGlobals: Destroyed PersistentFrame Addr=0x000002a412b62c80, Size=4
[2018.08.31-00.32.02:366][679]LogUObjectGlobals: Created PersistentFrame Addr=0x000002a412b62c80, Size=4, Default__SKEL_ZombieAnimBP_C Function /Engine/Transient.REINST_SKEL_ZombieAnimBP_C_5:ExecuteUbergraph_ZombieAnimBP
[2018.08.31-00.32.02:368][679]LogUObjectGlobals: Created PersistentFrame Addr=0x000002a412b60d58, Size=4, Default__SKEL_ZombieAnimBP_C Function /Game/Models/Zombie/ZombieAnimBP.SKEL_ZombieAnimBP_C:ExecuteUbergraph_ZombieAnimBP
[2018.08.31-00.32.08:842][ 60]BlueprintLog: New page: Compile ZombieAnimBP
[2018.08.31-00.32.08:846][ 60]LogUObjectGlobals: Destroyed PersistentFrame Addr=0x000002a412b60d58, Size=4
[2018.08.31-00.32.08:846][ 60]LogUObjectGlobals: Created PersistentFrame Addr=0x000002a412b60d58, Size=4, Default__SKEL_ZombieAnimBP_C Function /Engine/Transient.REINST_SKEL_ZombieAnimBP_C_6:ExecuteUbergraph_ZombieAnimBP
[2018.08.31-00.32.08:851][ 60]LogUObjectGlobals: Destroyed PersistentFrame Addr=0x000002a3ced559e0, Size=32
[2018.08.31-00.32.08:851][ 60]LogUObjectGlobals: Created PersistentFrame Addr=0x000002a4144a2780, Size=32, ZombieAnimBP_C_2 Function /Engine/Transient.REINST_ZombieAnimBP_C_7:ExecuteUbergraph_ZombieAnimBP
[2018.08.31-00.32.08:854][ 60]LogUObjectGlobals: Created PersistentFrame Addr=0x000002a4144a2320, Size=32, Default__ZombieAnimBP_C Function /Game/Models/Zombie/ZombieAnimBP.ZombieAnimBP_C:ExecuteUbergraph_ZombieAnimBP
[2018.08.31-00.32.08:949][ 60]LogUObjectGlobals: Destroyed PersistentFrame Addr=0x000002a3ceb25f08, Size=40
[2018.08.31-00.32.08:949][ 60]LogUObjectGlobals: Destroyed PersistentFrame Addr=0x000002a3da3b2f78, Size=8
[2018.08.31-00.32.08:949][ 60]LogUObjectGlobals: Destroyed PersistentFrame Addr=0x000002a3cf3243b0, Size=72
[2018.08.31-00.32.08:950][ 60]LogUObjectGlobals: Destroyed PersistentFrame Addr=0x000002a3cef1d600, Size=720
[2018.08.31-00.32.08:950][ 60]LogUObjectGlobals: Destroyed PersistentFrame Addr=0x000002a3cef03240, Size=16
[2018.08.31-00.32.08:950][ 60]LogUObjectGlobals: Destroyed PersistentFrame Addr=0x000002a3cee93d80, Size=152
[2018.08.31-00.32.08:950][ 60]LogUObjectGlobals: Destroyed PersistentFrame Addr=0x000002a3ceed7580, Size=56
[2018.08.31-00.32.08:950][ 60]LogUObjectGlobals: Destroyed PersistentFrame Addr=0x000002a3ceed74d8, Size=56
[2018.08.31-00.32.08:950][ 60]LogUObjectGlobals: Destroyed PersistentFrame Addr=0x000002a3ced56920, Size=32
[2018.08.31-00.32.08:950][ 60]LogUObjectGlobals: Destroyed PersistentFrame Addr=0x000002a412b638f8, Size=4
[2018.08.31-00.32.08:950][ 60]LogUObjectGlobals: Destroyed PersistentFrame Addr=0x000002a412b61470, Size=4
[2018.08.31-00.32.08:950][ 60]LogUObjectGlobals: Destroyed PersistentFrame Addr=0x000002a412b62c80, Size=4
[2018.08.31-00.32.08:950][ 60]LogUObjectGlobals: Destroyed PersistentFrame Addr=0x000002a412b60d58, Size=4
[2018.08.31-00.33.34:225][310]LogUObjectGlobals: Created PersistentFrame Addr=0x000002a413f47a98, Size=4, Default__SKEL_ZombieAnimBP_C Function /Game/Models/Zombie/ZombieAnimBP.SKEL_ZombieAnimBP_C:ExecuteUbergraph_ZombieAnimBP
[2018.08.31-00.33.36:914][469]LogUObjectGlobals: Destroyed PersistentFrame Addr=0x000002a413f47a98, Size=4
[2018.08.31-00.33.36:914][469]LogUObjectGlobals: Created PersistentFrame Addr=0x000002a3fc821a98, Size=4, Default__SKEL_ZombieAnimBP_C Function /Engine/Transient.REINST_SKEL_ZombieAnimBP_C_9:ExecuteUbergraph_ZombieAnimBP
[2018.08.31-00.33.36:917][469]LogUObjectGlobals: Created PersistentFrame Addr=0x000002a3fc8215e0, Size=4, Default__SKEL_ZombieAnimBP_C Function /Game/Models/Zombie/ZombieAnimBP.SKEL_ZombieAnimBP_C:ExecuteUbergraph_ZombieAnimBP
[2018.08.31-00.34.42:159][334]LogSelectionDetails: Warning: NavigateToFunctionSource:  Unable to find symbols for 'AActor::GetVelocity' [Element not found.]
[2018.08.31-00.34.51:961][905]BlueprintLog: New page: Compile ZombieAnimBP
[2018.08.31-00.34.51:967][905]LogUObjectGlobals: Destroyed PersistentFrame Addr=0x000002a3fc8215e0, Size=4
[2018.08.31-00.34.51:967][905]LogUObjectGlobals: Created PersistentFrame Addr=0x000002a4160367c8, Size=4, Default__SKEL_ZombieAnimBP_C Function /Engine/Transient.REINST_SKEL_ZombieAnimBP_C_10:ExecuteUbergraph_ZombieAnimBP
[2018.08.31-00.34.51:972][905]LogUObjectGlobals: Destroyed PersistentFrame Addr=0x000002a4144a2320, Size=32
[2018.08.31-00.34.51:972][905]LogUObjectGlobals: Created PersistentFrame Addr=0x000002a41a60b400, Size=32, Default__ZombieAnimBP_C Function /Engine/Transient.REINST_ZombieAnimBP_C_11:ExecuteUbergraph_ZombieAnimBP
[2018.08.31-00.34.51:974][905]LogUObjectGlobals: Created PersistentFrame Addr=0x000002a4158b2620, Size=48, Default__ZombieAnimBP_C Function /Game/Models/Zombie/ZombieAnimBP.ZombieAnimBP_C:ExecuteUbergraph_ZombieAnimBP
[2018.08.31-00.34.52:072][905]LogUObjectGlobals: Destroyed PersistentFrame Addr=0x000002a4144a2780, Size=32
[2018.08.31-00.34.52:072][905]LogUObjectGlobals: Destroyed PersistentFrame Addr=0x000002a4160367c8, Size=4
[2018.08.31-00.34.52:072][905]LogUObjectGlobals: Destroyed PersistentFrame Addr=0x000002a3fc821a98, Size=4
[2018.08.31-00.35.03:176][565]LogAIModule: Creating AISystem for world Menu
[2018.08.31-00.35.03:202][565]LogUObjectGlobals: Destroyed PersistentFrame Addr=0x000002a41a60b400, Size=32
[2018.08.31-00.35.04:661][565]LogSlate: Window 'Save Content' being destroyed
[2018.08.31-00.35.05:870][635]LogUObjectGlobals: Created PersistentFrame Addr=0x000002a3ced32ed0, Size=72, Default__FirstPerson_AnimBP_C Function /Game/FirstPerson/Animations/FirstPerson_AnimBP.FirstPerson_AnimBP_C:ExecuteUbergraph_FirstPerson_AnimBP
[2018.08.31-00.35.05:878][635]LogUObjectGlobals: Destroyed PersistentFrame Addr=0x000002a3ced32ed0, Size=72
[2018.08.31-00.35.05:878][635]LogUObjectGlobals: Created PersistentFrame Addr=0x000002a41b779f80, Size=72, Default__FirstPerson_AnimBP_C Function /Engine/Transient.REINST_FirstPerson_AnimBP_C_12:ExecuteUbergraph_FirstPerson_AnimBP
[2018.08.31-00.35.05:888][635]LogUObjectGlobals: Created PersistentFrame Addr=0x000002a4139ce610, Size=72, Default__FirstPerson_AnimBP_C Function /Game/FirstPerson/Animations/FirstPerson_AnimBP.FirstPerson_AnimBP_C:ExecuteUbergraph_FirstPerson_AnimBP
[2018.08.31-00.35.05:896][635]LogUObjectGlobals: Created PersistentFrame Addr=0x000002a4146ac580, Size=192, Default__Bullet_C Function /Game/FirstPersonBP/Blueprints/Bullet.Bullet_C:ExecuteUbergraph_Bullet
[2018.08.31-00.35.05:898][635]LogUObjectGlobals: Destroyed PersistentFrame Addr=0x000002a4146ac580, Size=192
[2018.08.31-00.35.05:898][635]LogUObjectGlobals: Created PersistentFrame Addr=0x000002a4146ac580, Size=192, Default__Bullet_C Function /Engine/Transient.REINST_Bullet_C_46:ExecuteUbergraph_Bullet
[2018.08.31-00.35.05:900][635]LogUObjectGlobals: Created PersistentFrame Addr=0x000002a4146af940, Size=192, Default__Bullet_C Function /Game/FirstPersonBP/Blueprints/Bullet.Bullet_C:ExecuteUbergraph_Bullet
[2018.08.31-00.35.05:958][635]LogUObjectGlobals: Created PersistentFrame Addr=0x000002a3f6675d00, Size=880, Default__FirstPersonCharacter_C Function /Game/FirstPersonBP/Blueprints/FirstPersonCharacter.FirstPersonCharacter_C:ExecuteUbergraph_FirstPersonCharacter
[2018.08.31-00.35.05:972][635]LogUObjectGlobals: Destroyed PersistentFrame Addr=0x000002a3f6675d00, Size=880
[2018.08.31-00.35.05:972][635]LogUObjectGlobals: Created PersistentFrame Addr=0x000002a3e32e2400, Size=880, Default__FirstPersonCharacter_C Function /Engine/Transient.REINST_FirstPersonCharacter_C_48:ExecuteUbergraph_FirstPersonCharacter
[2018.08.31-00.35.05:982][635]LogUObjectGlobals: Created PersistentFrame Addr=0x000002a3e32e0f00, Size=880, Default__FirstPersonCharacter_C Function /Game/FirstPersonBP/Blueprints/FirstPersonCharacter.FirstPersonCharacter_C:ExecuteUbergraph_FirstPersonCharacter
[2018.08.31-00.35.05:994][635]LogUObjectGlobals: Created PersistentFrame Addr=0x000002a412b63910, Size=4, Default__Zombie_BP_C Function /Game/Models/Zombie/Zombie_BP.Zombie_BP_C:ExecuteUbergraph_Zombie_BP
[2018.08.31-00.35.05:997][635]LogUObjectGlobals: Destroyed PersistentFrame Addr=0x000002a412b63910, Size=4
[2018.08.31-00.35.05:997][635]LogUObjectGlobals: Created PersistentFrame Addr=0x000002a412b63910, Size=4, Default__Zombie_BP_C Function /Engine/Transient.REINST_Zombie_BP_C_50:ExecuteUbergraph_Zombie_BP
[2018.08.31-00.35.05:998][635]LogUObjectGlobals: Created PersistentFrame Addr=0x000002a412b60898, Size=4, Default__Zombie_BP_C Function /Game/Models/Zombie/Zombie_BP.Zombie_BP_C:ExecuteUbergraph_Zombie_BP
[2018.08.31-00.35.06:079][635]LogUObjectGlobals: Created PersistentFrame Addr=0x000002a4146de160, Size=52, Default__FirstPersonHUD_C Function /Game/FirstPersonBP/Blueprints/FirstPersonHUD.FirstPersonHUD_C:ExecuteUbergraph_FirstPersonHUD
[2018.08.31-00.35.06:082][635]LogUObjectGlobals: Destroyed PersistentFrame Addr=0x000002a4146de160, Size=52
[2018.08.31-00.35.06:082][635]LogUObjectGlobals: Created PersistentFrame Addr=0x000002a4146de160, Size=52, Default__FirstPersonHUD_C Function /Engine/Transient.REINST_FirstPersonHUD_C_54:ExecuteUbergraph_FirstPersonHUD
[2018.08.31-00.35.06:085][635]LogUObjectGlobals: Created PersistentFrame Addr=0x000002a4146dfb30, Size=52, Default__FirstPersonHUD_C Function /Game/FirstPersonBP/Blueprints/FirstPersonHUD.FirstPersonHUD_C:ExecuteUbergraph_FirstPersonHUD
[2018.08.31-00.35.06:499][635]LogSkeletalMesh: Skeletal Mesh found in DDC [1.986734ms] /Game/FirstPerson/Character/Mesh/SK_Mannequin_Arms.SK_Mannequin_Arms
[2018.08.31-00.35.06:530][635]LogSkeletalMesh: Skeletal Mesh found in DDC [3.938095ms] /Game/FirstPerson/FPWeapon/Mesh/SK_FPGun.SK_FPGun
[2018.08.31-00.35.06:591][635]LogAIModule: Creating AISystem for world Floor1
[2018.08.31-00.35.06:671][635]LogUObjectGlobals: Destroyed PersistentFrame Addr=0x000002a412b63910, Size=4
[2018.08.31-00.35.06:671][635]LogUObjectGlobals: Destroyed PersistentFrame Addr=0x000002a3e32e2400, Size=880
[2018.08.31-00.35.06:671][635]LogUObjectGlobals: Destroyed PersistentFrame Addr=0x000002a4146ac580, Size=192
[2018.08.31-00.35.06:671][635]LogUObjectGlobals: Destroyed PersistentFrame Addr=0x000002a41b779f80, Size=72
[2018.08.31-00.35.06:671][635]LogUObjectGlobals: Destroyed PersistentFrame Addr=0x000002a4146de160, Size=52
[2018.08.31-00.35.08:198][635]LogSlate: Window 'Save Content' being destroyed
[2018.08.31-00.35.08:223][635]Cmd: OBJ SAVEPACKAGE PACKAGE="/Game/Models/Zombie/ZombieAnimBP" FILE="../../../../GameDev/_Projects/TowerOfPain/Content/Models/Zombie/ZombieAnimBP.uasset" SILENT=true
[2018.08.31-00.35.08:287][635]LogSavePackage: Save=48.70ms
[2018.08.31-00.35.08:288][635]LogSavePackage: Moving '../../../../GameDev/_Projects/TowerOfPain/Saved/ZombieAnimBP82CFBECB419275966904AE91EDD71B88.tmp' to '../../../../GameDev/_Projects/TowerOfPain/Content/Models/Zombie/ZombieAnimBP.uasset'
[2018.08.31-00.35.08:292][635]LogSavePackage: Display: Finished SavePackage ../../../../GameDev/_Projects/TowerOfPain/Content/Models/Zombie/ZombieAnimBP.uasset
[2018.08.31-00.35.08:293][635]Cmd: MAP LOAD FILE="../../../../GameDev/_Projects/TowerOfPain/Content/Maps/Floor1.umap" TEMPLATE=0 SHOWPROGRESS=1 FEATURELEVEL=3
[2018.08.31-00.35.08:293][635]LightingResults: New page: Lighting Build
[2018.08.31-00.35.08:297][635]LogContentBrowser: Native class hierarchy updated for 'StatsViewer' in 0.0003 seconds. Added 5 classes and 0 folders.
[2018.08.31-00.35.08:298][635]LoadErrors: New page: Loading map: Floor1.umap
[2018.08.31-00.35.08:298][635]MapCheck: New page: Map Check
[2018.08.31-00.35.08:298][635]LightingResults: New page: Lighting Build
[2018.08.31-00.35.08:463][635]LogEditorServer: Finished looking for orphan Actors (0.000 secs)
[2018.08.31-00.35.08:519][635]Cmd: MAP CHECKDEP NOCLEARLOG
[2018.08.31-00.35.08:618][635]MapCheck: Map check complete: 0 Error(s), 0 Warning(s), took 99.023ms to complete.
[2018.08.31-00.35.08:618][635]LogFileHelpers: Loading map 'Floor1' took 0.327
[2018.08.31-00.35.12:059][836]LogTemp: Repeating last play command: New Editor Window (PIE)
[2018.08.31-00.35.12:078][836]LogBlueprintUserMessages: Early PlayInEditor Detection: Level '/Game/Maps/Floor1.Floor1:PersistentLevel' has LevelScriptBlueprint '/Game/Maps/Floor1.Floor1:PersistentLevel.Floor1' with GeneratedClass '/Game/Maps/Floor1.Floor1_C' with ClassGeneratedBy '/Game/Maps/Floor1.Floor1:PersistentLevel.Floor1'
[2018.08.31-00.35.12:079][836]LogPlayLevel: PlayLevel: No blueprints needed recompiling
[2018.08.31-00.35.12:079][836]PIE: New page: PIE session: Floor1 (Aug 30, 2018, 4:35:12 PM)
[2018.08.31-00.35.12:079][836]LogPlayLevel: Creating play world package: /Game/Maps/UEDPIE_0_Floor1
[2018.08.31-00.35.12:106][836]LogPlayLevel: PIE: StaticDuplicateObject took: (0.027050s)
[2018.08.31-00.35.12:107][836]LogAIModule: Creating AISystem for world Floor1
[2018.08.31-00.35.12:107][836]LogPlayLevel: PIE: World Init took: (0.001063s)
[2018.08.31-00.35.12:107][836]LogPlayLevel: PIE: Created PIE world by copying editor world from /Game/Maps/Floor1.Floor1 to /Game/Maps/UEDPIE_0_Floor1.Floor1 (0.028367s)
[2018.08.31-00.35.12:149][836]LogInit: XAudio2 using 'Speakers / Headphones (Realtek Audio)' : 6 channels at 48 kHz using 32 bits per sample (channel mask 0x3f)
[2018.08.31-00.35.12:211][836]LogInit: FAudioDevice initialized.
[2018.08.31-00.35.12:308][836]LogLoad: Game class is 'FirstPersonGameMode_C'
[2018.08.31-00.35.12:313][836]LogWorld: Bringing World /Game/Maps/UEDPIE_0_Floor1.Floor1 up for play (max tick rate 60) at 2018.08.30-20.35.12
[2018.08.31-00.35.12:314][836]LogWorld: Bringing up level for play took: 0.005116
[2018.08.31-00.35.12:319][836]LogContentBrowser: Native class hierarchy updated for 'MovieSceneCapture' in 0.0004 seconds. Added 11 classes and 0 folders.
[2018.08.31-00.35.12:324][836]PIE: Play in editor start time for /Game/Maps/UEDPIE_0_Floor1 -0.625
[2018.08.31-00.35.12:325][836]LogBlueprintUserMessages: Late PlayInEditor Detection: Level '/Game/Maps/Floor1.Floor1:PersistentLevel' has LevelScriptBlueprint '/Game/Maps/Floor1.Floor1:PersistentLevel.Floor1' with GeneratedClass '/Game/Maps/Floor1.Floor1_C' with ClassGeneratedBy '/Game/Maps/Floor1.Floor1:PersistentLevel.Floor1'
[2018.08.31-00.35.12:364][836]LogRenderer: Reallocating scene render targets to support 1072x480 Format 10 NumSamples 1 (Frame:1).
[2018.08.31-00.35.17:370][134]LogBlueprintUserMessages: Early EndPlayMap Detection: Level '/Game/Maps/Floor1.Floor1:PersistentLevel' has LevelScriptBlueprint '/Game/Maps/Floor1.Floor1:PersistentLevel.Floor1' with GeneratedClass '/Game/Maps/Floor1.Floor1_C' with ClassGeneratedBy '/Game/Maps/Floor1.Floor1:PersistentLevel.Floor1'
[2018.08.31-00.35.17:390][134]LogSlate: Window 'FloorsofPain Game Preview Standalone (64-bit/PCD3D_SM5)' being destroyed
[2018.08.31-00.35.17:426][134]LogBlueprintUserMessages: Late EndPlayMap Detection: Level '/Game/Maps/Floor1.Floor1:PersistentLevel' has LevelScriptBlueprint '/Game/Maps/Floor1.Floor1:PersistentLevel.Floor1' with GeneratedClass '/Game/Maps/Floor1.Floor1_C' with ClassGeneratedBy '/Game/Maps/Floor1.Floor1:PersistentLevel.Floor1'
[2018.08.31-00.36.48:580][605]LogSlate: Prevented a slow task dialog from being summoned while a context menu was open
[2018.08.31-00.36.48:591][605]LogSlate: Prevented a slow task dialog from being summoned while a context menu was open
[2018.08.31-00.36.48:850][605]LogPackageName: SearchForPackageOnDisk took   0.000s, but failed to resolve /Game/Models/Zombie/BTTask_BlueprintBase_New_New.
[2018.08.31-00.37.05:229][478]LogMetaData: Removing '/Game/Blueprints/FindWAnderLocation.FindWAnderLocation_C' ref from Metadata '/Game/Blueprints/BTTask_BlueprintBase_New.PackageMetaData'
[2018.08.31-00.37.05:229][478]LogMetaData: Removing '/Game/Blueprints/FindWAnderLocation.SKEL_FindWAnderLocation_C' ref from Metadata '/Game/Blueprints/BTTask_BlueprintBase_New.PackageMetaData'
[2018.08.31-00.37.05:253][478]Cmd: OBJ SAVEPACKAGE PACKAGE="/Game/Blueprints/FindWAnderLocation" FILE="../../../../GameDev/_Projects/TowerOfPain/Content/Blueprints/FindWAnderLocation.uasset" SILENT=true
[2018.08.31-00.37.05:262][478]LogSavePackage: Save=6.20ms
[2018.08.31-00.37.05:262][478]LogSavePackage: Moving '../../../../GameDev/_Projects/TowerOfPain/Saved/FindWAnderLocation45FFCF5E46A3408FF3CB05961DD9402F.tmp' to '../../../../GameDev/_Projects/TowerOfPain/Content/Blueprints/FindWAnderLocation.uasset'
[2018.08.31-00.37.05:265][478]LogSavePackage: Display: Finished SavePackage ../../../../GameDev/_Projects/TowerOfPain/Content/Blueprints/FindWAnderLocation.uasset
[2018.08.31-00.37.05:523][481]LogPackageName: SearchForPackageOnDisk took   0.000s to resolve /Game/Blueprints/FindWAnderLocation.
[2018.08.31-00.37.18:494][  5]LogUObjectGlobals: Created PersistentFrame Addr=0x000002a47aa92428, Size=4, Default__SKEL_BTTask_BlueprintBase_New_New_C Function /Game/Models/Zombie/BTTask_BlueprintBase_New_New.SKEL_BTTask_BlueprintBase_New_New_C:ExecuteUbergraph_BTTask_BlueprintBase_New_New
[2018.08.31-00.44.37:596][457]BlueprintLog: New page: Compile BTTask_BlueprintBase_New_New
[2018.08.31-00.44.37:598][457]LogUObjectGlobals: Destroyed PersistentFrame Addr=0x000002a47aa92428, Size=4
[2018.08.31-00.44.37:598][457]LogUObjectGlobals: Created PersistentFrame Addr=0x000002a44dc39fd8, Size=4, Default__SKEL_BTTask_BlueprintBase_New_New_C Function /Engine/Transient.REINST_SKEL_BTTask_BlueprintBase_New_New_C_74:ExecuteUbergraph_BTTask_BlueprintBase_New_New
[2018.08.31-00.44.37:600][457]LogUObjectGlobals: Created PersistentFrame Addr=0x000002a46d9deb80, Size=16, Default__BTTask_BlueprintBase_New_New_C Function /Game/Models/Zombie/BTTask_BlueprintBase_New_New.BTTask_BlueprintBase_New_New_C:ExecuteUbergraph_BTTask_BlueprintBase_New_New
[2018.08.31-00.44.37:627][457]LogUObjectGlobals: Destroyed PersistentFrame Addr=0x000002a44dc39fd8, Size=4
[2018.08.31-00.44.40:312][614]Cmd: OBJ SAVEPACKAGE PACKAGE="/Game/Models/Zombie/BTTask_BlueprintBase_New_New" FILE="../../../../GameDev/_Projects/TowerOfPain/Content/Models/Zombie/BTTask_BlueprintBase_New_New.uasset" SILENT=true
[2018.08.31-00.44.40:335][614]LogSavePackage: Save=16.44ms
[2018.08.31-00.44.40:335][614]LogSavePackage: Moving '../../../../GameDev/_Projects/TowerOfPain/Saved/BTTask_BlueprintBase_New_New41ED41B14A060120DAA9C3BCDECF5B14.tmp' to '../../../../GameDev/_Projects/TowerOfPain/Content/Models/Zombie/BTTask_BlueprintBase_New_New.uasset'
[2018.08.31-00.44.40:339][614]LogSavePackage: Display: Finished SavePackage ../../../../GameDev/_Projects/TowerOfPain/Content/Models/Zombie/BTTask_BlueprintBase_New_New.uasset
[2018.08.31-00.44.40:343][614]Cmd: OBJ SAVEPACKAGE PACKAGE="/Game/Models/Zombie/ZombieBT" FILE="../../../../GameDev/_Projects/TowerOfPain/Content/Models/Zombie/ZombieBT.uasset" SILENT=true
[2018.08.31-00.44.40:374][614]LogSavePackage: Save=7.70ms
[2018.08.31-00.44.40:374][614]LogSavePackage: Moving '../../../../GameDev/_Projects/TowerOfPain/Saved/ZombieBT132ED50E4844217C3F4B86BCE7925919.tmp' to '../../../../GameDev/_Projects/TowerOfPain/Content/Models/Zombie/ZombieBT.uasset'
[2018.08.31-00.44.40:378][614]LogSavePackage: Display: Finished SavePackage ../../../../GameDev/_Projects/TowerOfPain/Content/Models/Zombie/ZombieBT.uasset
[2018.08.31-00.44.40:481][620]LogPackageName: SearchForPackageOnDisk took   0.000s to resolve /Game/Models/Zombie/BTTask_BlueprintBase_New_New.
